2024-06-16 15:36:49,375 - crawl_single_page - INFO - Start crawling https://thuvienphapluat.vn/van-ban/Xay-dung-Do-thi/Quyet-dinh-2401-QD-UBND-phe-duyet-dieu-chinh-cuc-bo-Quy-hoach-chi-tiet-ty-le-1-500-Can-Tho-2016-331287.aspx
2024-06-16 15:36:51,670 - crawl_single_page - ERROR - Error get metadata: ResultSet object has no attribute 'find_all'. You're probably treating a list of elements like a single element. Did you call find_all() when you meant to call find()?
2024-06-16 15:36:51,671 - crawl_single_page - ERROR - Error get content: [Errno 2] No such file or directory: 'content/<title>\r\n\tQuyết định 2401/QĐ-UBND phê duyệt điều chỉnh cục bộ Quy hoạch chi tiết tỷ lệ 1 500 Cần Thơ 2016\r\n</title>__1718527011.671654.txt'
2024-06-16 15:36:51,673 - crawl_single_page - INFO - Get keyword successfully ['2401/QĐ-UBND', 'Quyết định 2401/QĐ-UBND']
2024-06-16 15:36:51,674 - crawl_single_page - INFO - Start crawling https://thuvienphapluat.vn/van-ban/Tai-nguyen-Moi-truong/Quyet-dinh-2377-QD-UBND-phe-duyet-dieu-chinh-cuc-bo-Khu-do-thi-du-lich-sinh-thai-Con-Au-Can-Tho-2016-331285.aspx
2024-06-16 15:36:54,010 - crawl_single_page - ERROR - Error get metadata: ResultSet object has no attribute 'find_all'. You're probably treating a list of elements like a single element. Did you call find_all() when you meant to call find()?
2024-06-16 15:36:54,011 - crawl_single_page - ERROR - Error get content: [Errno 2] No such file or directory: 'content/<title>\r\n\tQuyết định 2377/QĐ-UBND phê duyệt điều chỉnh cục bộ Khu đô thị du lịch sinh thái Cồn Ấu Cần Thơ 2016\r\n</title>__1718527014.011406.txt'
2024-06-16 15:36:54,012 - crawl_single_page - INFO - Get keyword successfully ['2377/QĐ-UBND', 'Quyết định 2377/QĐ-UBND']
2024-06-16 15:36:54,013 - crawl_single_page - INFO - Start crawling https://thuvienphapluat.vn/van-ban/Bat-dong-san/Quyet-dinh-2677-QD-UBND-thong-tin-dia-chinh-dien-tu-nghia-vu-tai-chinh-ve-dat-dai-Khanh-Hoa-2016-331169.aspx
2024-06-16 15:36:57,348 - crawl_single_page - ERROR - Error get metadata: ResultSet object has no attribute 'find_all'. You're probably treating a list of elements like a single element. Did you call find_all() when you meant to call find()?
2024-06-16 15:36:57,350 - crawl_single_page - ERROR - Error get content: [Errno 2] No such file or directory: 'content/<title>\r\n\tQuyết định 2677/QĐ-UBND thông tin địa chính điện tử nghĩa vụ tài chính về đất đai Khánh Hòa 2016\r\n</title>__1718527017.350179.txt'
2024-06-16 15:36:57,352 - crawl_single_page - INFO - Get keyword successfully ['2677/QĐ-UBND', 'Quyết định 2677/QĐ-UBND']
2024-06-16 15:36:57,353 - crawl_single_page - INFO - Start crawling https://thuvienphapluat.vn/van-ban/Xay-dung-Do-thi/Quyet-dinh-1769-QD-UBND-Quy-hoach-xay-dung-ty-le-1-500-Khu-do-thi-Liem-Chinh-Phu-Ly-Ha-Nam-2016-330951.aspx
2024-06-16 15:38:47,154 - crawl_single_page - INFO - Start crawling https://thuvienphapluat.vn/van-ban/Xay-dung-Do-thi/Quyet-dinh-2401-QD-UBND-phe-duyet-dieu-chinh-cuc-bo-Quy-hoach-chi-tiet-ty-le-1-500-Can-Tho-2016-331287.aspx
2024-06-16 15:38:49,312 - crawl_single_page - INFO - Get metadata successfully {'Số hiệu:': '2401/QĐ-UBND', '': 'Tình trạng:', 'Quyết định': 'Nơi ban hành:', 'Thành phố Cần Thơ': '', 'Người ký:': 'Võ Thành Thống', 'Ngày ban hành:': '28/07/2016', 'Đã biết': 'Ngày công báo:', 'Đang cập nhật': '', 'Số công báo:': 'Đang cập nhật'}
2024-06-16 15:38:49,313 - crawl_single_page - ERROR - Error get content: [Errno 2] No such file or directory: 'contents/\r\n\tQuyết định 2401/QĐ-UBND phê duyệt điều chỉnh cục bộ Quy hoạch chi tiết tỷ lệ 1 500 Cần Thơ 2016\r\n__1718527129.312849.txt'
2024-06-16 15:38:49,314 - crawl_single_page - INFO - Get keyword successfully ['2401/QĐ-UBND', 'Quyết định 2401/QĐ-UBND']
2024-06-16 15:38:49,314 - crawl_single_page - INFO - Start crawling https://thuvienphapluat.vn/van-ban/Tai-nguyen-Moi-truong/Quyet-dinh-2377-QD-UBND-phe-duyet-dieu-chinh-cuc-bo-Khu-do-thi-du-lich-sinh-thai-Con-Au-Can-Tho-2016-331285.aspx
2024-06-16 15:38:52,592 - crawl_single_page - INFO - Get metadata successfully {'Số hiệu:': '2377/QĐ-UBND', '': 'Tình trạng:', 'Quyết định': 'Nơi ban hành:', 'Thành phố Cần Thơ': '', 'Người ký:': 'Võ Thành Thống', 'Ngày ban hành:': '27/07/2016', 'Đã biết': 'Ngày công báo:', 'Đang cập nhật': '', 'Số công báo:': 'Đang cập nhật'}
2024-06-16 15:38:52,593 - crawl_single_page - ERROR - Error get content: [Errno 2] No such file or directory: 'contents/\r\n\tQuyết định 2377/QĐ-UBND phê duyệt điều chỉnh cục bộ Khu đô thị du lịch sinh thái Cồn Ấu Cần Thơ 2016\r\n__1718527132.593646.txt'
2024-06-16 15:38:52,594 - crawl_single_page - INFO - Get keyword successfully ['2377/QĐ-UBND', 'Quyết định 2377/QĐ-UBND']
2024-06-16 15:38:52,595 - crawl_single_page - INFO - Start crawling https://thuvienphapluat.vn/van-ban/Bat-dong-san/Quyet-dinh-2677-QD-UBND-thong-tin-dia-chinh-dien-tu-nghia-vu-tai-chinh-ve-dat-dai-Khanh-Hoa-2016-331169.aspx
2024-06-16 15:38:55,780 - crawl_single_page - INFO - Get metadata successfully {'Số hiệu:': '2677/QĐ-UBND', '': 'Tình trạng:', 'Quyết định': 'Nơi ban hành:', 'Tỉnh Khánh Hòa': '', 'Người ký:': 'Đào Công Thiên', 'Ngày ban hành:': '08/09/2016', 'Đã biết': 'Ngày công báo:', 'Đang cập nhật': '', 'Số công báo:': 'Đang cập nhật'}
2024-06-16 15:38:55,781 - crawl_single_page - ERROR - Error get content: [Errno 2] No such file or directory: 'contents/\r\n\tQuyết định 2677/QĐ-UBND thông tin địa chính điện tử nghĩa vụ tài chính về đất đai Khánh Hòa 2016\r\n__1718527135.780971.txt'
2024-06-16 15:38:55,783 - crawl_single_page - INFO - Get keyword successfully ['2677/QĐ-UBND', 'Quyết định 2677/QĐ-UBND']
2024-06-16 15:38:55,783 - crawl_single_page - INFO - Start crawling https://thuvienphapluat.vn/van-ban/Xay-dung-Do-thi/Quyet-dinh-1769-QD-UBND-Quy-hoach-xay-dung-ty-le-1-500-Khu-do-thi-Liem-Chinh-Phu-Ly-Ha-Nam-2016-330951.aspx
2024-06-16 15:38:57,142 - crawl_single_page - INFO - Get metadata successfully {'Số hiệu:': '1769/QĐ-UBND', '': 'Tình trạng:', 'Quyết định': 'Nơi ban hành:', 'Tỉnh Hà Nam': '', 'Người ký:': 'Vũ Đại Thắng', 'Ngày ban hành:': '04/11/2016', 'Đã biết': 'Ngày công báo:', 'Đang cập nhật': '', 'Số công báo:': 'Đang cập nhật'}
2024-06-16 15:38:57,144 - crawl_single_page - ERROR - Error get content: [Errno 2] No such file or directory: 'contents/\r\n\tQuyết định 1769/QĐ-UBND Quy hoạch xây dựng tỷ lệ 1 500 Khu đô thị Liêm Chính Phủ Lý Hà Nam 2016\r\n__1718527137.143962.txt'
2024-06-16 15:38:57,145 - crawl_single_page - INFO - Get keyword successfully ['1769/QĐ-UBND', 'Quyết định 1769/QĐ-UBND']
2024-06-16 15:38:57,146 - crawl_single_page - INFO - Start crawling https://thuvienphapluat.vn/van-ban/Xay-dung-Do-thi/Quyet-dinh-2616-QD-UBND-lap-Quy-hoach-chi-tiet-ty-le-1-500-Nut-giao-thong-Khanh-Hoa-2016-330738.aspx
2024-06-16 15:39:32,989 - crawl_single_page - INFO - Start crawling https://thuvienphapluat.vn/van-ban/Xay-dung-Do-thi/Quyet-dinh-2401-QD-UBND-phe-duyet-dieu-chinh-cuc-bo-Quy-hoach-chi-tiet-ty-le-1-500-Can-Tho-2016-331287.aspx
2024-06-16 15:39:34,171 - crawl_single_page - INFO - Get metadata successfully {'Số hiệu:': '2401/QĐ-UBND', '': 'Tình trạng:', 'Quyết định': 'Nơi ban hành:', 'Thành phố Cần Thơ': '', 'Người ký:': 'Võ Thành Thống', 'Ngày ban hành:': '28/07/2016', 'Đã biết': 'Ngày công báo:', 'Đang cập nhật': '', 'Số công báo:': 'Đang cập nhật'}
2024-06-16 15:39:34,172 - crawl_single_page - ERROR - Error get content: [Errno 2] No such file or directory: 'contents/Quyết định 2401/QĐ-UBND phê duyệt điều chỉnh cục bộ Quy hoạch chi tiết tỷ lệ 1 500 Cần Thơ 2016__1718527174.172274.txt'
2024-06-16 15:39:34,173 - crawl_single_page - INFO - Get keyword successfully ['2401/QĐ-UBND', 'Quyết định 2401/QĐ-UBND']
2024-06-16 15:39:34,174 - crawl_single_page - INFO - Start crawling https://thuvienphapluat.vn/van-ban/Tai-nguyen-Moi-truong/Quyet-dinh-2377-QD-UBND-phe-duyet-dieu-chinh-cuc-bo-Khu-do-thi-du-lich-sinh-thai-Con-Au-Can-Tho-2016-331285.aspx
2024-06-16 15:39:37,337 - crawl_single_page - INFO - Get metadata successfully {'Số hiệu:': '2377/QĐ-UBND', '': 'Tình trạng:', 'Quyết định': 'Nơi ban hành:', 'Thành phố Cần Thơ': '', 'Người ký:': 'Võ Thành Thống', 'Ngày ban hành:': '27/07/2016', 'Đã biết': 'Ngày công báo:', 'Đang cập nhật': '', 'Số công báo:': 'Đang cập nhật'}
2024-06-16 15:39:37,338 - crawl_single_page - ERROR - Error get content: [Errno 2] No such file or directory: 'contents/Quyết định 2377/QĐ-UBND phê duyệt điều chỉnh cục bộ Khu đô thị du lịch sinh thái Cồn Ấu Cần Thơ 2016__1718527177.338569.txt'
2024-06-16 15:39:37,339 - crawl_single_page - INFO - Get keyword successfully ['2377/QĐ-UBND', 'Quyết định 2377/QĐ-UBND']
2024-06-16 15:39:37,340 - crawl_single_page - INFO - Start crawling https://thuvienphapluat.vn/van-ban/Bat-dong-san/Quyet-dinh-2677-QD-UBND-thong-tin-dia-chinh-dien-tu-nghia-vu-tai-chinh-ve-dat-dai-Khanh-Hoa-2016-331169.aspx
2024-06-16 15:46:20,528 - crawl_single_page - INFO - Start crawling https://thuvienphapluat.vn/van-ban/Xay-dung-Do-thi/Quyet-dinh-2401-QD-UBND-phe-duyet-dieu-chinh-cuc-bo-Quy-hoach-chi-tiet-ty-le-1-500-Can-Tho-2016-331287.aspx
2024-06-16 15:46:22,752 - crawl_single_page - INFO - Get metadata successfully {'Số hiệu:': '2401/QĐ-UBND', '': 'Tình trạng:', 'Quyết định': 'Nơi ban hành:', 'Thành phố Cần Thơ': '', 'Người ký:': 'Võ Thành Thống', 'Ngày ban hành:': '28/07/2016', 'Đã biết': 'Ngày công báo:', 'Đang cập nhật': '', 'Số công báo:': 'Đang cập nhật'}
2024-06-16 15:46:22,753 - crawl_single_page - INFO - Get content successfully content_1.txt
2024-06-16 15:46:22,755 - crawl_single_page - INFO - Get keyword successfully ['2401/QĐ-UBND', 'Quyết định 2401/QĐ-UBND']
2024-06-16 15:46:22,756 - crawl_single_page - INFO - Start crawling https://thuvienphapluat.vn/van-ban/Tai-nguyen-Moi-truong/Quyet-dinh-2377-QD-UBND-phe-duyet-dieu-chinh-cuc-bo-Khu-do-thi-du-lich-sinh-thai-Con-Au-Can-Tho-2016-331285.aspx
2024-06-16 15:46:24,989 - crawl_single_page - INFO - Get metadata successfully {'Số hiệu:': '2377/QĐ-UBND', '': 'Tình trạng:', 'Quyết định': 'Nơi ban hành:', 'Thành phố Cần Thơ': '', 'Người ký:': 'Võ Thành Thống', 'Ngày ban hành:': '27/07/2016', 'Đã biết': 'Ngày công báo:', 'Đang cập nhật': '', 'Số công báo:': 'Đang cập nhật'}
2024-06-16 15:46:24,991 - crawl_single_page - INFO - Get content successfully content_1.txt
2024-06-16 15:46:24,992 - crawl_single_page - INFO - Get keyword successfully ['2377/QĐ-UBND', 'Quyết định 2377/QĐ-UBND']
2024-06-16 15:46:24,993 - crawl_single_page - INFO - Start crawling https://thuvienphapluat.vn/van-ban/Bat-dong-san/Quyet-dinh-2677-QD-UBND-thong-tin-dia-chinh-dien-tu-nghia-vu-tai-chinh-ve-dat-dai-Khanh-Hoa-2016-331169.aspx
2024-06-16 15:46:26,213 - crawl_single_page - INFO - Get metadata successfully {'Số hiệu:': '2677/QĐ-UBND', '': 'Tình trạng:', 'Quyết định': 'Nơi ban hành:', 'Tỉnh Khánh Hòa': '', 'Người ký:': 'Đào Công Thiên', 'Ngày ban hành:': '08/09/2016', 'Đã biết': 'Ngày công báo:', 'Đang cập nhật': '', 'Số công báo:': 'Đang cập nhật'}
2024-06-16 15:46:26,215 - crawl_single_page - INFO - Get content successfully content_1.txt
2024-06-16 15:46:26,216 - crawl_single_page - INFO - Get keyword successfully ['2677/QĐ-UBND', 'Quyết định 2677/QĐ-UBND']
2024-06-16 15:46:26,217 - crawl_single_page - INFO - Start crawling https://thuvienphapluat.vn/van-ban/Xay-dung-Do-thi/Quyet-dinh-1769-QD-UBND-Quy-hoach-xay-dung-ty-le-1-500-Khu-do-thi-Liem-Chinh-Phu-Ly-Ha-Nam-2016-330951.aspx
2024-06-16 15:46:27,392 - crawl_single_page - INFO - Get metadata successfully {'Số hiệu:': '1769/QĐ-UBND', '': 'Tình trạng:', 'Quyết định': 'Nơi ban hành:', 'Tỉnh Hà Nam': '', 'Người ký:': 'Vũ Đại Thắng', 'Ngày ban hành:': '04/11/2016', 'Đã biết': 'Ngày công báo:', 'Đang cập nhật': '', 'Số công báo:': 'Đang cập nhật'}
2024-06-16 15:46:27,394 - crawl_single_page - INFO - Get content successfully content_1.txt
2024-06-16 15:46:27,395 - crawl_single_page - INFO - Get keyword successfully ['1769/QĐ-UBND', 'Quyết định 1769/QĐ-UBND']
2024-06-16 15:46:27,396 - crawl_single_page - INFO - Start crawling https://thuvienphapluat.vn/van-ban/Xay-dung-Do-thi/Quyet-dinh-2616-QD-UBND-lap-Quy-hoach-chi-tiet-ty-le-1-500-Nut-giao-thong-Khanh-Hoa-2016-330738.aspx
2024-06-16 15:46:29,599 - crawl_single_page - INFO - Get metadata successfully {'Số hiệu:': '2616/QĐ-UBND', '': 'Tình trạng:', 'Quyết định': 'Nơi ban hành:', 'Tỉnh Khánh Hòa': '', 'Người ký:': 'Lê Đức Vinh', 'Ngày ban hành:': '05/09/2016', 'Đã biết': 'Ngày công báo:', 'Đang cập nhật': '', 'Số công báo:': 'Đang cập nhật'}
2024-06-16 15:46:29,601 - crawl_single_page - INFO - Get content successfully content_1.txt
2024-06-16 15:46:29,602 - crawl_single_page - INFO - Get keyword successfully ['2616/QĐ-UBND', 'Quyết định 2616/QĐ-UBND']
2024-06-16 15:46:29,603 - crawl_single_page - INFO - Start crawling https://thuvienphapluat.vn/van-ban/Xay-dung-Do-thi/Quyet-dinh-2614-QD-UBND-Quy-hoach-chi-tiet-xay-dung-1-500-duong-truc-Bac-Nam-do-thi-Khanh-Hoa-2016-330737.aspx
2024-06-16 15:46:30,825 - crawl_single_page - INFO - Get metadata successfully {'Số hiệu:': '2614/QĐ-UBND', '': 'Tình trạng:', 'Quyết định': 'Nơi ban hành:', 'Tỉnh Khánh Hòa': '', 'Người ký:': 'Lê Đức Vinh', 'Ngày ban hành:': '05/09/2016', 'Đã biết': 'Ngày công báo:', 'Đang cập nhật': '', 'Số công báo:': 'Đang cập nhật'}
2024-06-16 15:46:30,826 - crawl_single_page - INFO - Get content successfully content_1.txt
2024-06-16 15:46:30,827 - crawl_single_page - INFO - Get keyword successfully ['2614/QĐ-UBND', 'Quyết định 2614/QĐ-UBND']
2024-06-16 15:46:30,829 - crawl_single_page - INFO - Start crawling https://thuvienphapluat.vn/van-ban/Bat-dong-san/Quyet-dinh-47-2016-QD-UBND-he-so-dieu-chinh-gia-dat-xac-dinh-nghia-vu-tai-chinh-ho-gia-dinh-Tien-Giang-330650.aspx
2024-06-16 15:46:34,367 - crawl_single_page - INFO - Get metadata successfully {'Số hiệu:': '47/2016/QĐ-UBND', '': 'Tình trạng:', 'Quyết định': 'Nơi ban hành:', 'Tỉnh Tiền Giang': '', 'Người ký:': 'Phạm Anh Tuấn', 'Ngày ban hành:': '26/09/2016', 'Đã biết': 'Ngày công báo:', 'Đang cập nhật': '', 'Số công báo:': 'Đang cập nhật'}
2024-06-16 15:46:34,372 - crawl_single_page - INFO - Get content successfully content_1.txt
2024-06-16 15:46:34,381 - crawl_single_page - INFO - Get keyword successfully ['28/2015/QĐ-UBND', 'Quyết định 28/2015/QĐ-UBND', '473/QĐ-UBND', 'Quyết định 473/QĐ-UBND', '17/2017/QĐ-UBND', 'Quyết định 17/2017/QĐ-UBND', '47/2016/QĐ-UBND', 'Quyết định 47/2016/QĐ-UBND', '3833/QĐ-UBND', 'Quyết định 3833/QĐ-UBND']
2024-06-16 15:46:34,382 - crawl_single_page - INFO - Start crawling https://thuvienphapluat.vn/van-ban/Bat-dong-san/Quyet-dinh-2872-QD-UBND-3-danh-muc-cong-trinh-du-an-su-dung-dat-Ke-hoach-su-dung-dat-Dak-Lak-2016-330499.aspx
2024-06-16 15:46:36,625 - crawl_single_page - INFO - Get metadata successfully {'Số hiệu:': '2872/QĐ-UBND', '': 'Tình trạng:', 'Quyết định': 'Nơi ban hành:', 'Tỉnh Đắk Lắk': '', 'Người ký:': 'Y Giang Gry Niê Knơng', 'Ngày ban hành:': '29/09/2016', 'Đã biết': 'Ngày công báo:', 'Đang cập nhật': '', 'Số công báo:': 'Đang cập nhật'}
2024-06-16 15:46:36,628 - crawl_single_page - INFO - Get content successfully content_1.txt
2024-06-16 15:46:36,629 - crawl_single_page - INFO - Get keyword successfully ['2872/QĐ-UBND', 'Quyết định 2872/QĐ-UBND']
2024-06-16 15:46:36,630 - crawl_single_page - INFO - Start crawling https://thuvienphapluat.vn/van-ban/Xay-dung-Do-thi/Quyet-dinh-3157-QD-UBND-do-an-quy-hoach-1-500-Khu-tai-dinh-cu-Phu-An-Phu-Thu-Cai-Rang-Can-Tho-2016-330374.aspx
2024-06-16 15:46:39,950 - crawl_single_page - INFO - Get metadata successfully {'Số hiệu:': '3157/QĐ-UBND', '': 'Tình trạng:', 'Quyết định': 'Nơi ban hành:', 'Thành phố Cần Thơ': '', 'Người ký:': 'Võ Thành Thống', 'Ngày ban hành:': '13/10/2016', 'Đã biết': 'Ngày công báo:', 'Đang cập nhật': '', 'Số công báo:': 'Đang cập nhật'}
2024-06-16 15:46:39,952 - crawl_single_page - INFO - Get content successfully content_1.txt
2024-06-16 15:46:39,953 - crawl_single_page - INFO - Get keyword successfully ['3157/QĐ-UBND', 'Quyết định 3157/QĐ-UBND']
2024-06-16 15:46:39,955 - crawl_single_page - INFO - Start crawling https://thuvienphapluat.vn/van-ban/Bat-dong-san/Quyet-dinh-2444-QD-UBND-don-gia-khoi-diem-to-chuc-ban-dau-gia-giao-quyen-su-dung-dat-Lam-Dong-2016-330367.aspx
2024-06-16 15:46:42,249 - crawl_single_page - INFO - Get metadata successfully {'Số hiệu:': '2444/QĐ-UBND', '': 'Tình trạng:', 'Quyết định': 'Nơi ban hành:', 'Tỉnh Lâm Đồng': '', 'Người ký:': 'Nguyễn Văn Yên', 'Ngày ban hành:': '03/11/2016', 'Đã biết': 'Ngày công báo:', 'Đang cập nhật': '', 'Số công báo:': 'Đang cập nhật'}
2024-06-16 15:46:42,251 - crawl_single_page - INFO - Get content successfully content_1.txt
2024-06-16 15:46:42,252 - crawl_single_page - INFO - Get keyword successfully ['2444/QĐ-UBND', 'Quyết định 2444/QĐ-UBND']
2024-06-16 15:46:42,253 - crawl_single_page - INFO - Start crawling https://thuvienphapluat.vn/van-ban/Thue-Phi-Le-Phi/Quyet-dinh-19-2016-QD-UBND-muc-thu-le-phi-ho-tich-muc-thu-tien-bao-ve-dat-trong-lua-Hau-Giang-330357.aspx
2024-06-16 15:46:44,543 - crawl_single_page - INFO - Get metadata successfully {'Số hiệu:': '19/2016/QĐ-UBND', '': 'Tình trạng:', 'Quyết định': 'Nơi ban hành:', 'Tỉnh Hậu Giang': '', 'Người ký:': 'Lữ Văn Hùng', 'Ngày ban hành:': '29/07/2016', 'Đã biết': 'Ngày công báo:', 'Đang cập nhật': '', 'Số công báo:': 'Đang cập nhật'}
2024-06-16 15:46:44,544 - crawl_single_page - INFO - Get content successfully content_1.txt
2024-06-16 15:46:44,546 - crawl_single_page - INFO - Get keyword successfully ['02/2015/QĐ-UBND', 'Quyết định 02/2015/QĐ-UBND', '19/2016/QĐ-UBND', 'Quyết định 19/2016/QĐ-UBND']
2024-06-16 15:46:44,547 - crawl_single_page - INFO - Start crawling https://thuvienphapluat.vn/van-ban/Bat-dong-san/Quyet-dinh-2445-QD-UBND-don-gia-khoi-diem-de-to-chuc-ban-dau-gia-quyen-su-dung-dat-Lam-Dong-2016-330335.aspx
2024-06-16 15:46:46,767 - crawl_single_page - INFO - Get metadata successfully {'Số hiệu:': '2445/QĐ-UBND', '': 'Tình trạng:', 'Quyết định': 'Nơi ban hành:', 'Tỉnh Lâm Đồng': '', 'Người ký:': 'Nguyễn Văn Yên', 'Ngày ban hành:': '03/11/2016', 'Đã biết': 'Ngày công báo:', 'Đang cập nhật': '', 'Số công báo:': 'Đang cập nhật'}
2024-06-16 15:46:46,768 - crawl_single_page - INFO - Get content successfully content_1.txt
2024-06-16 15:46:46,770 - crawl_single_page - INFO - Get keyword successfully ['2445/QĐ-UBND', 'Quyết định 2445/QĐ-UBND']
2024-06-16 15:46:46,771 - crawl_single_page - INFO - Start crawling https://thuvienphapluat.vn/van-ban/Bat-dong-san/Quyet-dinh-59-2016-QD-UBND-han-muc-giao-dat-co-mat-nuoc-thuoc-dat-chua-su-dung-Dong-Thap-330289.aspx
2024-06-16 15:47:19,341 - crawl_single_page - INFO - Start crawling https://thuvienphapluat.vn/van-ban/Xay-dung-Do-thi/Quyet-dinh-2401-QD-UBND-phe-duyet-dieu-chinh-cuc-bo-Quy-hoach-chi-tiet-ty-le-1-500-Can-Tho-2016-331287.aspx
2024-06-16 15:47:22,534 - crawl_single_page - INFO - Get metadata successfully {'Số hiệu:': '2401/QĐ-UBND', '': 'Tình trạng:', 'Quyết định': 'Nơi ban hành:', 'Thành phố Cần Thơ': '', 'Người ký:': 'Võ Thành Thống', 'Ngày ban hành:': '28/07/2016', 'Đã biết': 'Ngày công báo:', 'Đang cập nhật': '', 'Số công báo:': 'Đang cập nhật'}
2024-06-16 15:47:22,535 - crawl_single_page - INFO - Get content successfully content_1.txt
2024-06-16 15:47:22,537 - crawl_single_page - INFO - Get keyword successfully ['2401/QĐ-UBND', 'Quyết định 2401/QĐ-UBND']
2024-06-16 15:47:22,538 - crawl_single_page - INFO - Start crawling https://thuvienphapluat.vn/van-ban/Tai-nguyen-Moi-truong/Quyet-dinh-2377-QD-UBND-phe-duyet-dieu-chinh-cuc-bo-Khu-do-thi-du-lich-sinh-thai-Con-Au-Can-Tho-2016-331285.aspx
2024-06-16 15:47:25,710 - crawl_single_page - INFO - Get metadata successfully {'Số hiệu:': '2377/QĐ-UBND', '': 'Tình trạng:', 'Quyết định': 'Nơi ban hành:', 'Thành phố Cần Thơ': '', 'Người ký:': 'Võ Thành Thống', 'Ngày ban hành:': '27/07/2016', 'Đã biết': 'Ngày công báo:', 'Đang cập nhật': '', 'Số công báo:': 'Đang cập nhật'}
2024-06-16 15:47:25,712 - crawl_single_page - INFO - Get content successfully content_2.txt
2024-06-16 15:47:25,713 - crawl_single_page - INFO - Get keyword successfully ['2377/QĐ-UBND', 'Quyết định 2377/QĐ-UBND']
2024-06-16 15:47:25,714 - crawl_single_page - INFO - Start crawling https://thuvienphapluat.vn/van-ban/Bat-dong-san/Quyet-dinh-2677-QD-UBND-thong-tin-dia-chinh-dien-tu-nghia-vu-tai-chinh-ve-dat-dai-Khanh-Hoa-2016-331169.aspx
2024-06-16 15:47:28,036 - crawl_single_page - INFO - Get metadata successfully {'Số hiệu:': '2677/QĐ-UBND', '': 'Tình trạng:', 'Quyết định': 'Nơi ban hành:', 'Tỉnh Khánh Hòa': '', 'Người ký:': 'Đào Công Thiên', 'Ngày ban hành:': '08/09/2016', 'Đã biết': 'Ngày công báo:', 'Đang cập nhật': '', 'Số công báo:': 'Đang cập nhật'}
2024-06-16 15:47:28,038 - crawl_single_page - INFO - Get content successfully content_3.txt
2024-06-16 15:47:28,040 - crawl_single_page - INFO - Get keyword successfully ['2677/QĐ-UBND', 'Quyết định 2677/QĐ-UBND']
2024-06-16 15:47:28,041 - crawl_single_page - INFO - Start crawling https://thuvienphapluat.vn/van-ban/Xay-dung-Do-thi/Quyet-dinh-1769-QD-UBND-Quy-hoach-xay-dung-ty-le-1-500-Khu-do-thi-Liem-Chinh-Phu-Ly-Ha-Nam-2016-330951.aspx
2024-06-16 15:47:29,173 - crawl_single_page - INFO - Get metadata successfully {'Số hiệu:': '1769/QĐ-UBND', '': 'Tình trạng:', 'Quyết định': 'Nơi ban hành:', 'Tỉnh Hà Nam': '', 'Người ký:': 'Vũ Đại Thắng', 'Ngày ban hành:': '04/11/2016', 'Đã biết': 'Ngày công báo:', 'Đang cập nhật': '', 'Số công báo:': 'Đang cập nhật'}
2024-06-16 15:47:29,174 - crawl_single_page - INFO - Get content successfully content_4.txt
2024-06-16 15:47:29,176 - crawl_single_page - INFO - Get keyword successfully ['1769/QĐ-UBND', 'Quyết định 1769/QĐ-UBND']
2024-06-16 15:47:29,177 - crawl_single_page - INFO - Start crawling https://thuvienphapluat.vn/van-ban/Xay-dung-Do-thi/Quyet-dinh-2616-QD-UBND-lap-Quy-hoach-chi-tiet-ty-le-1-500-Nut-giao-thong-Khanh-Hoa-2016-330738.aspx
2024-06-16 15:47:31,300 - crawl_single_page - INFO - Get metadata successfully {'Số hiệu:': '2616/QĐ-UBND', '': 'Tình trạng:', 'Quyết định': 'Nơi ban hành:', 'Tỉnh Khánh Hòa': '', 'Người ký:': 'Lê Đức Vinh', 'Ngày ban hành:': '05/09/2016', 'Đã biết': 'Ngày công báo:', 'Đang cập nhật': '', 'Số công báo:': 'Đang cập nhật'}
2024-06-16 15:47:31,301 - crawl_single_page - INFO - Get content successfully content_5.txt
2024-06-16 15:47:31,302 - crawl_single_page - INFO - Get keyword successfully ['2616/QĐ-UBND', 'Quyết định 2616/QĐ-UBND']
2024-06-16 15:47:31,304 - crawl_single_page - INFO - Start crawling https://thuvienphapluat.vn/van-ban/Xay-dung-Do-thi/Quyet-dinh-2614-QD-UBND-Quy-hoach-chi-tiet-xay-dung-1-500-duong-truc-Bac-Nam-do-thi-Khanh-Hoa-2016-330737.aspx
2024-06-16 15:47:33,459 - crawl_single_page - INFO - Get metadata successfully {'Số hiệu:': '2614/QĐ-UBND', '': 'Tình trạng:', 'Quyết định': 'Nơi ban hành:', 'Tỉnh Khánh Hòa': '', 'Người ký:': 'Lê Đức Vinh', 'Ngày ban hành:': '05/09/2016', 'Đã biết': 'Ngày công báo:', 'Đang cập nhật': '', 'Số công báo:': 'Đang cập nhật'}
2024-06-16 15:47:33,460 - crawl_single_page - INFO - Get content successfully content_6.txt
2024-06-16 15:47:33,461 - crawl_single_page - INFO - Get keyword successfully ['2614/QĐ-UBND', 'Quyết định 2614/QĐ-UBND']
2024-06-16 15:47:33,462 - crawl_single_page - INFO - Start crawling https://thuvienphapluat.vn/van-ban/Bat-dong-san/Quyet-dinh-47-2016-QD-UBND-he-so-dieu-chinh-gia-dat-xac-dinh-nghia-vu-tai-chinh-ho-gia-dinh-Tien-Giang-330650.aspx
2024-06-16 15:47:36,791 - crawl_single_page - INFO - Get metadata successfully {'Số hiệu:': '47/2016/QĐ-UBND', '': 'Tình trạng:', 'Quyết định': 'Nơi ban hành:', 'Tỉnh Tiền Giang': '', 'Người ký:': 'Phạm Anh Tuấn', 'Ngày ban hành:': '26/09/2016', 'Đã biết': 'Ngày công báo:', 'Đang cập nhật': '', 'Số công báo:': 'Đang cập nhật'}
2024-06-16 15:47:36,796 - crawl_single_page - INFO - Get content successfully content_7.txt
2024-06-16 15:47:36,803 - crawl_single_page - INFO - Get keyword successfully ['28/2015/QĐ-UBND', 'Quyết định 28/2015/QĐ-UBND', '473/QĐ-UBND', 'Quyết định 473/QĐ-UBND', '17/2017/QĐ-UBND', 'Quyết định 17/2017/QĐ-UBND', '47/2016/QĐ-UBND', 'Quyết định 47/2016/QĐ-UBND', '3833/QĐ-UBND', 'Quyết định 3833/QĐ-UBND']
2024-06-16 15:47:36,804 - crawl_single_page - INFO - Start crawling https://thuvienphapluat.vn/van-ban/Bat-dong-san/Quyet-dinh-2872-QD-UBND-3-danh-muc-cong-trinh-du-an-su-dung-dat-Ke-hoach-su-dung-dat-Dak-Lak-2016-330499.aspx
2024-06-16 15:47:39,933 - crawl_single_page - INFO - Get metadata successfully {'Số hiệu:': '2872/QĐ-UBND', '': 'Tình trạng:', 'Quyết định': 'Nơi ban hành:', 'Tỉnh Đắk Lắk': '', 'Người ký:': 'Y Giang Gry Niê Knơng', 'Ngày ban hành:': '29/09/2016', 'Đã biết': 'Ngày công báo:', 'Đang cập nhật': '', 'Số công báo:': 'Đang cập nhật'}
2024-06-16 15:47:39,934 - crawl_single_page - INFO - Get content successfully content_8.txt
2024-06-16 15:47:39,936 - crawl_single_page - INFO - Get keyword successfully ['2872/QĐ-UBND', 'Quyết định 2872/QĐ-UBND']
2024-06-16 15:47:39,937 - crawl_single_page - INFO - Start crawling https://thuvienphapluat.vn/van-ban/Xay-dung-Do-thi/Quyet-dinh-3157-QD-UBND-do-an-quy-hoach-1-500-Khu-tai-dinh-cu-Phu-An-Phu-Thu-Cai-Rang-Can-Tho-2016-330374.aspx
2024-06-16 15:47:42,106 - crawl_single_page - INFO - Get metadata successfully {'Số hiệu:': '3157/QĐ-UBND', '': 'Tình trạng:', 'Quyết định': 'Nơi ban hành:', 'Thành phố Cần Thơ': '', 'Người ký:': 'Võ Thành Thống', 'Ngày ban hành:': '13/10/2016', 'Đã biết': 'Ngày công báo:', 'Đang cập nhật': '', 'Số công báo:': 'Đang cập nhật'}
2024-06-16 15:47:42,107 - crawl_single_page - INFO - Get content successfully content_9.txt
2024-06-16 15:47:42,109 - crawl_single_page - INFO - Get keyword successfully ['3157/QĐ-UBND', 'Quyết định 3157/QĐ-UBND']
2024-06-16 15:47:42,110 - crawl_single_page - INFO - Start crawling https://thuvienphapluat.vn/van-ban/Bat-dong-san/Quyet-dinh-2444-QD-UBND-don-gia-khoi-diem-to-chuc-ban-dau-gia-giao-quyen-su-dung-dat-Lam-Dong-2016-330367.aspx
2024-06-16 15:47:43,237 - crawl_single_page - INFO - Get metadata successfully {'Số hiệu:': '2444/QĐ-UBND', '': 'Tình trạng:', 'Quyết định': 'Nơi ban hành:', 'Tỉnh Lâm Đồng': '', 'Người ký:': 'Nguyễn Văn Yên', 'Ngày ban hành:': '03/11/2016', 'Đã biết': 'Ngày công báo:', 'Đang cập nhật': '', 'Số công báo:': 'Đang cập nhật'}
2024-06-16 15:47:43,238 - crawl_single_page - INFO - Get content successfully content_10.txt
2024-06-16 15:47:43,239 - crawl_single_page - INFO - Get keyword successfully ['2444/QĐ-UBND', 'Quyết định 2444/QĐ-UBND']
2024-06-16 15:47:43,240 - crawl_single_page - INFO - Start crawling https://thuvienphapluat.vn/van-ban/Thue-Phi-Le-Phi/Quyet-dinh-19-2016-QD-UBND-muc-thu-le-phi-ho-tich-muc-thu-tien-bao-ve-dat-trong-lua-Hau-Giang-330357.aspx
2024-06-16 15:47:45,370 - crawl_single_page - INFO - Get metadata successfully {'Số hiệu:': '19/2016/QĐ-UBND', '': 'Tình trạng:', 'Quyết định': 'Nơi ban hành:', 'Tỉnh Hậu Giang': '', 'Người ký:': 'Lữ Văn Hùng', 'Ngày ban hành:': '29/07/2016', 'Đã biết': 'Ngày công báo:', 'Đang cập nhật': '', 'Số công báo:': 'Đang cập nhật'}
2024-06-16 15:47:45,371 - crawl_single_page - INFO - Get content successfully content_11.txt
2024-06-16 15:47:45,373 - crawl_single_page - INFO - Get keyword successfully ['02/2015/QĐ-UBND', 'Quyết định 02/2015/QĐ-UBND', '19/2016/QĐ-UBND', 'Quyết định 19/2016/QĐ-UBND']
2024-06-16 15:47:45,373 - crawl_single_page - INFO - Start crawling https://thuvienphapluat.vn/van-ban/Bat-dong-san/Quyet-dinh-2445-QD-UBND-don-gia-khoi-diem-de-to-chuc-ban-dau-gia-quyen-su-dung-dat-Lam-Dong-2016-330335.aspx
2024-06-16 15:47:48,523 - crawl_single_page - INFO - Get metadata successfully {'Số hiệu:': '2445/QĐ-UBND', '': 'Tình trạng:', 'Quyết định': 'Nơi ban hành:', 'Tỉnh Lâm Đồng': '', 'Người ký:': 'Nguyễn Văn Yên', 'Ngày ban hành:': '03/11/2016', 'Đã biết': 'Ngày công báo:', 'Đang cập nhật': '', 'Số công báo:': 'Đang cập nhật'}
2024-06-16 15:47:48,525 - crawl_single_page - INFO - Get content successfully content_12.txt
2024-06-16 15:47:48,532 - crawl_single_page - INFO - Get keyword successfully ['2445/QĐ-UBND', 'Quyết định 2445/QĐ-UBND']
2024-06-16 15:47:48,562 - crawl_single_page - INFO - Start crawling https://thuvienphapluat.vn/van-ban/Bat-dong-san/Quyet-dinh-59-2016-QD-UBND-han-muc-giao-dat-co-mat-nuoc-thuoc-dat-chua-su-dung-Dong-Thap-330289.aspx
2024-06-16 15:47:49,832 - crawl_single_page - INFO - Get metadata successfully {'Số hiệu:': '59/2016/QĐ-UBND', '': 'Tình trạng:', 'Quyết định': 'Nơi ban hành:', 'Tỉnh Đồng Tháp': '', 'Người ký:': 'Nguyễn Thanh Hùng', 'Ngày ban hành:': '04/11/2016', 'Đã biết': 'Ngày công báo:', 'Đang cập nhật': '', 'Số công báo:': 'Đang cập nhật'}
2024-06-16 15:47:49,834 - crawl_single_page - INFO - Get content successfully content_13.txt
2024-06-16 15:47:49,836 - crawl_single_page - INFO - Get keyword successfully ['59/2016/QĐ-UBND', 'Quyết định 59/2016/QĐ-UBND']
2024-06-16 15:47:49,837 - crawl_single_page - INFO - Start crawling https://thuvienphapluat.vn/van-ban/Bat-dong-san/Quyet-dinh-355-QD-UBND-ND-ke-hoach-su-dung-dat-cua-cac-huyen-thi-xa-thanh-pho-Dong-Thap-2016-330287.aspx
2024-06-16 15:47:53,096 - crawl_single_page - INFO - Get metadata successfully {'Số hiệu:': '355/QĐ-UBND-NĐ', '': 'Tình trạng:', 'Quyết định': 'Nơi ban hành:', 'Tỉnh Đồng Tháp': '', 'Người ký:': 'Nguyễn Thanh Hùng', 'Ngày ban hành:': '06/09/2016', 'Đã biết': 'Ngày công báo:', 'Đang cập nhật': '', 'Số công báo:': 'Đang cập nhật'}
2024-06-16 15:47:53,097 - crawl_single_page - INFO - Get content successfully content_14.txt
2024-06-16 15:47:53,098 - crawl_single_page - INFO - Get keyword successfully ['355/QĐ-UBND-NĐ', 'Quyết định 355/QĐ-UBND-NĐ']
2024-06-16 15:47:53,099 - crawl_single_page - INFO - Start crawling https://thuvienphapluat.vn/van-ban/Bat-dong-san/Quyet-dinh-2425-QD-UBND-gia-dat-cu-the-xac-dinh-gia-khoi-diem-ban-dau-gia-quyen-su-dung-dat-Phu-Yen-2016-330148.aspx
2024-06-16 15:47:56,374 - crawl_single_page - INFO - Get metadata successfully {'Số hiệu:': '2425/QĐ-UBND', '': 'Tình trạng:', 'Quyết định': 'Nơi ban hành:', 'Tỉnh Phú Yên': '', 'Người ký:': 'Nguyễn Chí Hiến', 'Ngày ban hành:': '12/10/2016', 'Đã biết': 'Ngày công báo:', 'Đang cập nhật': '', 'Số công báo:': 'Đang cập nhật'}
2024-06-16 15:47:56,376 - crawl_single_page - INFO - Get content successfully content_15.txt
2024-06-16 15:47:56,377 - crawl_single_page - INFO - Get keyword successfully ['2425/QĐ-UBND', 'Quyết định 2425/QĐ-UBND']
2024-06-16 15:47:56,378 - crawl_single_page - INFO - Start crawling https://thuvienphapluat.vn/van-ban/Bat-dong-san/Quyet-dinh-2422-QD-UBND-gia-dat-cu-the-de-lam-can-cu-xac-dinh-gia-khoi-diem-dau-gia-Phu-Yen-2016-330146.aspx
2024-06-16 15:47:59,606 - crawl_single_page - INFO - Get metadata successfully {'Số hiệu:': '2422/QĐ-UBND', '': 'Tình trạng:', 'Quyết định': 'Nơi ban hành:', 'Tỉnh Phú Yên': '', 'Người ký:': 'Nguyễn Chí Hiến', 'Ngày ban hành:': '12/10/2016', 'Đã biết': 'Ngày công báo:', 'Đang cập nhật': '', 'Số công báo:': 'Đang cập nhật'}
2024-06-16 15:47:59,607 - crawl_single_page - INFO - Get content successfully content_16.txt
2024-06-16 15:47:59,608 - crawl_single_page - INFO - Get keyword successfully ['2422/QĐ-UBND', 'Quyết định 2422/QĐ-UBND']
2024-06-16 15:47:59,609 - crawl_single_page - INFO - Start crawling https://thuvienphapluat.vn/van-ban/Bat-dong-san/Quyet-dinh-43-2016-QD-UBND-sua-doi-30-2014-QD-UBND-han-muc-dat-co-so-ton-giao-Binh-Phuoc-330063.aspx
2024-06-16 15:48:01,811 - crawl_single_page - INFO - Get metadata successfully {'Số hiệu:': '43/2016/QĐ-UBND', '': 'Tình trạng:', 'Quyết định': 'Nơi ban hành:', 'Tỉnh Bình Phước': '', 'Người ký:': 'Nguyễn Văn Trăm', 'Ngày ban hành:': '25/10/2016', 'Đã biết': 'Ngày công báo:', 'Đang cập nhật': '', 'Số công báo:': 'Đang cập nhật'}
2024-06-16 15:48:01,812 - crawl_single_page - INFO - Get content successfully content_17.txt
2024-06-16 15:48:01,813 - crawl_single_page - INFO - Get keyword successfully ['43/2016/QĐ-UBND', 'Quyết định 43/2016/QĐ-UBND', '30/2014/QĐ-UBND', 'Quyết định 30/2014/QĐ-UBND']
2024-06-16 15:48:01,814 - crawl_single_page - INFO - Start crawling https://thuvienphapluat.vn/van-ban/Tai-chinh-nha-nuoc/Quyet-dinh-2413-QD-UBND-gia-dat-cu-the-lam-can-cu-xac-dinh-gia-khoi-diem-ban-dau-gia-Phu-Yen-2016-330061.aspx
2024-06-16 15:48:04,025 - crawl_single_page - INFO - Get metadata successfully {'Số hiệu:': '2413/QĐ-UBND', '': 'Tình trạng:', 'Quyết định': 'Nơi ban hành:', 'Tỉnh Phú Yên': '', 'Người ký:': 'Nguyễn Chí Hiến', 'Ngày ban hành:': '11/10/2016', 'Đã biết': 'Ngày công báo:', 'Đang cập nhật': '', 'Số công báo:': 'Đang cập nhật'}
2024-06-16 15:48:04,027 - crawl_single_page - INFO - Get content successfully content_18.txt
2024-06-16 15:48:04,028 - crawl_single_page - INFO - Get keyword successfully ['2413/QĐ-UBND', 'Quyết định 2413/QĐ-UBND']
2024-06-16 15:48:04,029 - crawl_single_page - INFO - Start crawling https://thuvienphapluat.vn/van-ban/Bat-dong-san/Quyet-dinh-2412-QD-UBND-gia-dat-xac-dinh-gia-khoi-diem-dau-gia-thue-dat-thu-tien-mot-lan-Phu-Yen-2016-330060.aspx
2024-06-16 15:48:05,234 - crawl_single_page - INFO - Get metadata successfully {'Số hiệu:': '2412/QĐ-UBND', '': 'Tình trạng:', 'Quyết định': 'Nơi ban hành:', 'Tỉnh Phú Yên': '', 'Người ký:': 'Nguyễn Chí Hiến', 'Ngày ban hành:': '11/10/2016', 'Đã biết': 'Ngày công báo:', 'Đang cập nhật': '', 'Số công báo:': 'Đang cập nhật'}
2024-06-16 15:48:05,235 - crawl_single_page - INFO - Get content successfully content_19.txt
2024-06-16 15:48:05,236 - crawl_single_page - INFO - Get keyword successfully ['2412/QĐ-UBND', 'Quyết định 2412/QĐ-UBND']
2024-06-16 15:48:05,237 - crawl_single_page - INFO - Start crawling https://thuvienphapluat.vn/van-ban/Xay-dung-Do-thi/Quyet-dinh-3254-QD-UBND-dieu-chinh-cuc-bo-Quy-hoach-xay-dung-khu-dan-cu-Nam-Long-Can-Tho-2016-330033.aspx
2024-06-16 15:48:06,433 - crawl_single_page - INFO - Get metadata successfully {'Số hiệu:': '3254/QĐ-UBND', '': 'Tình trạng:', 'Quyết định': 'Nơi ban hành:', 'Thành phố Cần Thơ': '', 'Người ký:': 'Võ Thành Thống', 'Ngày ban hành:': '24/10/2016', 'Đã biết': 'Ngày công báo:', 'Đang cập nhật': '', 'Số công báo:': 'Đang cập nhật'}
2024-06-16 15:48:06,434 - crawl_single_page - INFO - Get content successfully content_20.txt
2024-06-16 15:48:06,435 - crawl_single_page - INFO - Get keyword successfully ['3254/QĐ-UBND', 'Quyết định 3254/QĐ-UBND']
2024-06-16 15:48:06,436 - crawl_single_page - INFO - Start crawling https://thuvienphapluat.vn/van-ban/Bat-dong-san/Quyet-dinh-1203-QD-UBND-HC-dau-gia-cho-thue-quyen-su-dung-dat-doi-voi-Khu-dat-B1-Dong-Thap-2016-329979.aspx
2024-06-16 15:48:09,669 - crawl_single_page - INFO - Get metadata successfully {'Số hiệu:': '1203/QĐ-UBND-HC', '': 'Tình trạng:', 'Quyết định': 'Nơi ban hành:', 'Tỉnh Đồng Tháp': '', 'Người ký:': 'Nguyễn Thanh Hùng', 'Ngày ban hành:': '26/10/2016', 'Đã biết': 'Ngày công báo:', 'Đang cập nhật': '', 'Số công báo:': 'Đang cập nhật'}
2024-06-16 15:48:09,670 - crawl_single_page - INFO - Get content successfully content_21.txt
2024-06-16 15:48:09,671 - crawl_single_page - INFO - Get keyword successfully ['1203/QĐ-UBND-HC', 'Quyết định 1203/QĐ-UBND-HC']
2024-06-16 15:48:09,672 - crawl_single_page - INFO - Start crawling https://thuvienphapluat.vn/van-ban/Tai-nguyen-Moi-truong/Quyet-dinh-1049-QD-UBND-HC-quy-hoach-chi-tiet-xay-dung-nha-may-tai-che-xu-ly-chat-thai-Dong-Thap-2016-329944.aspx
2024-06-16 15:48:10,949 - crawl_single_page - INFO - Get metadata successfully {'Số hiệu:': '1049/QĐ-UBND.HC', '': 'Tình trạng:', 'Quyết định': 'Nơi ban hành:', 'Tỉnh Đồng Tháp': '', 'Người ký:': 'Nguyễn Thanh Hùng', 'Ngày ban hành:': '13/09/2016', 'Đã biết': 'Ngày công báo:', 'Đang cập nhật': '', 'Số công báo:': 'Đang cập nhật'}
2024-06-16 15:48:10,951 - crawl_single_page - INFO - Get content successfully content_22.txt
2024-06-16 15:48:10,952 - crawl_single_page - INFO - Get keyword successfully ['1049/QĐ-UBND.HC', 'Quyết định 1049/QĐ-UBND.HC']
2024-06-16 15:48:10,953 - crawl_single_page - INFO - Start crawling https://thuvienphapluat.vn/van-ban/Bat-dong-san/Quyet-dinh-3205-QD-UBND-he-so-dieu-chinh-gia-dat-de-tinh-boi-thuong-giai-phong-mat-bang-Dak-Lak-2016-329928.aspx
2024-06-16 15:48:14,161 - crawl_single_page - INFO - Get metadata successfully {'Số hiệu:': '3205/QĐ-UBND', '': 'Tình trạng:', 'Quyết định': 'Nơi ban hành:', 'Tỉnh Đắk Lắk': '', 'Người ký:': 'Y Giang Gry Niê Knơng', 'Ngày ban hành:': '28/10/2016', 'Đã biết': 'Ngày công báo:', 'Đang cập nhật': '', 'Số công báo:': 'Đang cập nhật'}
2024-06-16 15:48:14,163 - crawl_single_page - INFO - Get content successfully content_23.txt
2024-06-16 15:48:14,164 - crawl_single_page - INFO - Get keyword successfully ['3205/QĐ-UBND', 'Quyết định 3205/QĐ-UBND']
2024-06-16 15:48:14,165 - crawl_single_page - INFO - Start crawling https://thuvienphapluat.vn/van-ban/Bat-dong-san/Quyet-dinh-3203-QD-UBND-du-an-Mo-rong-Truong-mam-non-tu-thuc-vao-Ke-hoach-su-dung-dat-Dak-Lak-2016-329927.aspx
2024-06-16 15:48:17,385 - crawl_single_page - INFO - Get metadata successfully {'Số hiệu:': '3203/QĐ-UBND', '': 'Tình trạng:', 'Quyết định': 'Nơi ban hành:', 'Tỉnh Đắk Lắk': '', 'Người ký:': 'Y Giang Gry Niê Knơng', 'Ngày ban hành:': '28/10/2016', 'Đã biết': 'Ngày công báo:', 'Đang cập nhật': '', 'Số công báo:': 'Đang cập nhật'}
2024-06-16 15:48:17,386 - crawl_single_page - INFO - Get content successfully content_24.txt
2024-06-16 15:48:17,387 - crawl_single_page - INFO - Get keyword successfully ['3203/QĐ-UBND', 'Quyết định 3203/QĐ-UBND']
2024-06-16 15:48:17,388 - crawl_single_page - INFO - Start crawling https://thuvienphapluat.vn/van-ban/Van-hoa-Xa-hoi/Quyet-dinh-3194-QD-UBND-mien-giam-tien-su-dung-dat-cho-doi-tuong-chinh-sach-Dak-Lak-2016-329926.aspx
2024-06-16 15:48:19,640 - crawl_single_page - INFO - Get metadata successfully {'Số hiệu:': '3194/QĐ-UBND', '': 'Tình trạng:', 'Quyết định': 'Nơi ban hành:', 'Tỉnh Đắk Lắk': '', 'Người ký:': 'H’Yim Kđoh', 'Ngày ban hành:': '25/10/2016', 'Đã biết': 'Ngày công báo:', 'Đang cập nhật': '', 'Số công báo:': 'Đang cập nhật'}
2024-06-16 15:48:19,642 - crawl_single_page - INFO - Get content successfully content_25.txt
2024-06-16 15:48:19,643 - crawl_single_page - INFO - Get keyword successfully ['3194/QĐ-UBND', 'Quyết định 3194/QĐ-UBND']
2024-06-16 15:48:19,644 - crawl_single_page - INFO - Start crawling https://thuvienphapluat.vn/van-ban/Bat-dong-san/Quyet-dinh-3126-QD-UBND-co-cau-su-dung-dat-Quy-hoach-xay-dung-Krong-Ana-Dak-Lak-2020-2016-329904.aspx
2024-06-16 15:48:21,928 - crawl_single_page - INFO - Get metadata successfully {'Số hiệu:': '3126/QĐ-UBND', '': 'Tình trạng:', 'Quyết định': 'Nơi ban hành:', 'Tỉnh Đắk Lắk': '', 'Người ký:': 'Nguyễn Tuấn Hà', 'Ngày ban hành:': '18/10/2016', 'Đã biết': 'Ngày công báo:', 'Đang cập nhật': '', 'Số công báo:': 'Đang cập nhật'}
2024-06-16 15:48:21,930 - crawl_single_page - INFO - Get content successfully content_26.txt
2024-06-16 15:48:21,931 - crawl_single_page - INFO - Get keyword successfully ['3126/QĐ-UBND', 'Quyết định 3126/QĐ-UBND']
2024-06-16 15:48:21,932 - crawl_single_page - INFO - Start crawling https://thuvienphapluat.vn/van-ban/Bat-dong-san/Quyet-dinh-2341-QD-UBND-gia-dat-xac-dinh-gia-khoi-diem-ban-dau-gia-quyen-su-dung-dat-Phu-Yen-2016-329694.aspx
